<?xml version="1.0" encoding="utf-8"?><testsuites name="pytest tests"><testsuite name="pytest" errors="0" failures="0" skipped="0" tests="23" time="5.027" timestamp="2026-06-11T11:49:56.033646+00:00" hostname="agent-env-45370d15-86c9-4f4a-a004-763bcc8b592e"><testcase classname="backend.tests.backend_test.TestAuth" name="test_root" time="0.155" /><testcase classname="backend.tests.backend_test.TestAuth" name="test_login_admin_initial_or_new" time="0.329" /><testcase classname="backend.tests.backend_test.TestAuth" name="test_login_dentist" time="0.336" /><testcase classname="backend.tests.backend_test.TestAuth" name="test_login_invalid" time="0.321" /><testcase classname="backend.tests.backend_test.TestAuth" name="test_me_dentist_includes_profile" time="0.098" /><testcase classname="backend.tests.backend_test.TestDashboards" name="test_dentist_dashboard" time="0.101" /><testcase classname="backend.tests.backend_test.TestDashboards" name="test_admin_dashboard" time="0.100" /><testcase classname="backend.tests.backend_test.TestPricing" name="test_quote_spec_example" time="0.211" /><testcase classname="backend.tests.backend_test.TestPricing" name="test_my_pricing_has_slabs" time="0.105" /><testcase classname="backend.tests.backend_test.TestOrders" name="test_dentist_orders_list" time="0.103" /><testcase classname="backend.tests.backend_test.TestOrders" name="test_designer_only_assigned" time="0.432" /><testcase classname="backend.tests.backend_test.TestOrders" name="test_create_order_with_idempotency" time="0.564" /><testcase classname="backend.tests.backend_test.TestRoleSecurity" name="test_dentist_blocked_admin_dashboard" time="0.120" /><testcase classname="backend.tests.backend_test.TestRoleSecurity" name="test_dentist_blocked_dentists_list" time="0.101" /><testcase classname="backend.tests.backend_test.TestRoleSecurity" name="test_dentist_blocked_settings" time="0.099" /><testcase classname="backend.tests.backend_test.TestBillingGate" name="test_new_dentist_blocked_from_order" time="0.445" /><testcase classname="backend.tests.backend_test.TestFileUpload" name="test_invalid_extension_rejected" time="0.106" /><testcase classname="backend.tests.backend_test.TestFileUpload" name="test_valid_upload_and_download" time="0.246" /><testcase classname="backend.tests.backend_test.TestWhatsApp" name="test_logs_list" time="0.103" /><testcase classname="backend.tests.backend_test.TestAdminLifecycle" name="test_admin_can_list_all_orders" time="0.133" /><testcase classname="backend.tests.backend_test.TestAdminLifecycle" name="test_accept_order" time="0.229" /><testcase classname="backend.tests.backend_test.TestAdminLifecycle" name="test_assign_designer" time="0.245" /><testcase classname="backend.tests.backend_test.TestPdfs" name="test_dispatch_label_pdf" time="0.237" /></testsuite></testsuites>